<?xml version="1.0" encoding="UTF-8"?>
<testng-results skipped="0" failed="0" ignored="0" total="3" passed="3">
  <reporter-output>
  </reporter-output>
  <suite name="Default suite" duration-ms="4976" started-at="2020-04-14T20:28:17 IST" finished-at="2020-04-14T20:28:22 IST">
    <groups>
    </groups>
    <test name="Default test" duration-ms="4976" started-at="2020-04-14T20:28:17 IST" finished-at="2020-04-14T20:28:22 IST">
      <class name="com.datadriven.test.AddNewEmployee2">
        <test-method status="PASS" signature="postReqAddNewEmployee(java.lang.String, java.lang.String, java.lang.String)[pri:0, instance:com.datadriven.test.AddNewEmployee2@17579e0f]" name="postReqAddNewEmployee" duration-ms="2682" started-at="2020-04-14T20:28:17 IST" data-provider="empdataprovider" finished-at="2020-04-14T20:28:20 IST">
          <params>
            <param index="0">
              <value>
                <![CDATA[NagaGanjala2]]>
              </value>
            </param>
            <param index="1">
              <value>
                <![CDATA[50000]]>
              </value>
            </param>
            <param index="2">
              <value>
                <![CDATA[31]]>
              </value>
            </param>
          </params>
          <reporter-output>
          </reporter-output>
        </test-method> <!-- postReqAddNewEmployee -->
        <test-method status="PASS" signature="postReqAddNewEmployee(java.lang.String, java.lang.String, java.lang.String)[pri:0, instance:com.datadriven.test.AddNewEmployee2@17579e0f]" name="postReqAddNewEmployee" duration-ms="1190" started-at="2020-04-14T20:28:20 IST" data-provider="empdataprovider" finished-at="2020-04-14T20:28:21 IST">
          <params>
            <param index="0">
              <value>
                <![CDATA[NagaGanjala3]]>
              </value>
            </param>
            <param index="1">
              <value>
                <![CDATA[50000]]>
              </value>
            </param>
            <param index="2">
              <value>
                <![CDATA[32]]>
              </value>
            </param>
          </params>
          <reporter-output>
          </reporter-output>
        </test-method> <!-- postReqAddNewEmployee -->
        <test-method status="PASS" signature="postReqAddNewEmployee(java.lang.String, java.lang.String, java.lang.String)[pri:0, instance:com.datadriven.test.AddNewEmployee2@17579e0f]" name="postReqAddNewEmployee" duration-ms="1049" started-at="2020-04-14T20:28:21 IST" data-provider="empdataprovider" finished-at="2020-04-14T20:28:22 IST">
          <params>
            <param index="0">
              <value>
                <![CDATA[NagaGanjala4]]>
              </value>
            </param>
            <param index="1">
              <value>
                <![CDATA[50001]]>
              </value>
            </param>
            <param index="2">
              <value>
                <![CDATA[33]]>
              </value>
            </param>
          </params>
          <reporter-output>
          </reporter-output>
        </test-method> <!-- postReqAddNewEmployee -->
      </class> <!-- com.datadriven.test.AddNewEmployee2 -->
    </test> <!-- Default test -->
  </suite> <!-- Default suite -->
</testng-results>
