<?xml version="1.0" encoding="UTF-8"?>
<!-- Generated by org.testng.reporters.JUnitXMLReporter -->
<testsuite hostname="AIPL-SEZ-LT-147" ignored="0" name="Default test" tests="3" failures="0" timestamp="2020-04-14T20:28:22 IST" time="4.976" errors="0">
  <testcase name="postReqAddNewEmployee" time="2.682" classname="com.datadriven.test.AddNewEmployee2"/>
  <testcase name="postReqAddNewEmployee" time="1.19" classname="com.datadriven.test.AddNewEmployee2"/>
  <testcase name="postReqAddNewEmployee" time="1.049" classname="com.datadriven.test.AddNewEmployee2"/>
</testsuite> <!-- Default test -->
