<?xml version="1.0" encoding="UTF-8"?>
<testng-results skipped="0" failed="0" ignored="0" total="1" passed="1">
  <reporter-output>
  </reporter-output>
  <suite name="Default suite" duration-ms="3416" started-at="2020-04-22T12:03:37 IST" finished-at="2020-04-22T12:03:40 IST">
    <groups>
    </groups>
    <test name="Default test" duration-ms="3416" started-at="2020-04-22T12:03:37 IST" finished-at="2020-04-22T12:03:40 IST">
      <class name="com.basic.JiraBasic">
        <test-method status="PASS" signature="getData()[pri:0, instance:com.basic.JiraBasic@3b088d51]" name="getData" is-config="true" duration-ms="14" started-at="2020-04-22T12:03:37 IST" finished-at="2020-04-22T12:03:37 IST">
          <reporter-output>
          </reporter-output>
        </test-method> <!-- getData -->
        <test-method status="PASS" signature="JiraAPICreateIssue()[pri:0, instance:com.basic.JiraBasic@3b088d51]" name="JiraAPICreateIssue" duration-ms="3349" started-at="2020-04-22T12:03:37 IST" finished-at="2020-04-22T12:03:40 IST">
          <reporter-output>
          </reporter-output>
        </test-method> <!-- JiraAPICreateIssue -->
      </class> <!-- com.basic.JiraBasic -->
    </test> <!-- Default test -->
  </suite> <!-- Default suite -->
</testng-results>
